# JRE version: OpenJDK Runtime Environment (8.0_292-b10) (build 1.8.0_292-b10)
# Java VM: OpenJDK 64-Bit Server VM (25.292-b10 mixed mode windows-amd64 compressed oops)
Heap:
 PSYoungGen      total 427520K, used 425240K [0x000000076b000000, 0x000000078e180000, 0x00000007c0000000)
  eden space 410624K, 100% used [0x000000076b000000,0x0000000784100000,0x0000000784100000)
  from space 16896K, 86% used [0x0000000784100000,0x0000000784f46070,0x0000000785180000)
  to   space 17920K, 3% used [0x000000078d000000,0x000000078d098000,0x000000078e180000)
 ParOldGen       total 110080K, used 24628K [0x00000006c1000000, 0x00000006c7b80000, 0x000000076b000000)
  object space 110080K, 22% used [0x00000006c1000000,0x00000006c280d248,0x00000006c7b80000)
 Metaspace       used 43778K, capacity 46424K, committed 46672K, reserved 1089536K
  class space    used 5900K, capacity 6361K, committed 6480K, reserved 1048576K
GC Heap History (10 events):
Event: 3.924 GC heap after
Heap after GC invocations=7 (full 1):
 PSYoungGen      total 256000K, used 12388K [0x000000076b000000, 0x000000077ba80000, 0x00000007c0000000)
  eden space 243200K, 0% used [0x000000076b000000,0x000000076b000000,0x0000000779d80000)
  from space 12800K, 96% used [0x000000077ae00000,0x000000077ba19330,0x000000077ba80000)
  to   space 14848K, 0% used [0x0000000779d80000,0x0000000779d80000,0x000000077ac00000)
 ParOldGen       total 79360K, used 9806K [0x00000006c1000000, 0x00000006c5d80000, 0x000000076b000000)
  object space 79360K, 12% used [0x00000006c1000000,0x00000006c1993b70,0x00000006c5d80000)
 Metaspace       used 33820K, capacity 35910K, committed 36048K, reserved 1081344K
  class space    used 4599K, capacity 5009K, committed 5072K, reserved 1048576K
}
Event: 3.924 GC heap before
{Heap before GC invocations=8 (full 2):
 PSYoungGen      total 256000K, used 12388K [0x000000076b000000, 0x000000077ba80000, 0x00000007c0000000)
  eden space 243200K, 0% used [0x000000076b000000,0x000000076b000000,0x0000000779d80000)
  from space 12800K, 96% used [0x000000077ae00000,0x000000077ba19330,0x000000077ba80000)
  to   space 14848K, 0% used [0x0000000779d80000,0x0000000779d80000,0x000000077ac00000)
 ParOldGen       total 79360K, used 9806K [0x00000006c1000000, 0x00000006c5d80000, 0x000000076b000000)
  object space 79360K, 12% used [0x00000006c1000000,0x00000006c1993b70,0x00000006c5d80000)
 Metaspace       used 33820K, capacity 35910K, committed 36048K, reserved 1081344K
  class space    used 4599K, capacity 5009K, committed 5072K, reserved 1048576K
Event: 3.960 GC heap after
Heap after GC invocations=8 (full 2):
 PSYoungGen      total 256000K, used 0K [0x000000076b000000, 0x000000077ba80000, 0x00000007c0000000)
  eden space 243200K, 0% used [0x000000076b000000,0x000000076b000000,0x0000000779d80000)
  from space 12800K, 0% used [0x000000077ae00000,0x000000077ae00000,0x000000077ba80000)
  to   space 14848K, 0% used [0x0000000779d80000,0x0000000779d80000,0x000000077ac00000)
 ParOldGen       total 110080K, used 18260K [0x00000006c1000000, 0x00000006c7b80000, 0x000000076b000000)
  object space 110080K, 16% used [0x00000006c1000000,0x00000006c21d51a8,0x00000006c7b80000)
 Metaspace       used 33820K, capacity 35910K, committed 36048K, reserved 1081344K
  class space    used 4599K, capacity 5009K, committed 5072K, reserved 1048576K
}
Event: 966.002 GC heap before
{Heap before GC invocations=9 (full 2):
 PSYoungGen      total 256000K, used 243200K [0x000000076b000000, 0x000000077ba80000, 0x00000007c0000000)
  eden space 243200K, 100% used [0x000000076b000000,0x0000000779d80000,0x0000000779d80000)
  from space 12800K, 0% used [0x000000077ae00000,0x000000077ae00000,0x000000077ba80000)
  to   space 14848K, 0% used [0x0000000779d80000,0x0000000779d80000,0x000000077ac00000)
 ParOldGen       total 110080K, used 18260K [0x00000006c1000000, 0x00000006c7b80000, 0x000000076b000000)
  object space 110080K, 16% used [0x00000006c1000000,0x00000006c21d51a8,0x00000006c7b80000)
 Metaspace       used 43290K, capacity 45912K, committed 46160K, reserved 1089536K
  class space    used 5899K, capacity 6361K, committed 6480K, reserved 1048576K
Event: 966.019 GC heap after
Heap after GC invocations=9 (full 2):
 PSYoungGen      total 258048K, used 14743K [0x000000076b000000, 0x0000000786680000, 0x00000007c0000000)
  eden space 243200K, 0% used [0x000000076b000000,0x000000076b000000,0x0000000779d80000)
  from space 14848K, 99% used [0x0000000779d80000,0x000000077abe5f88,0x000000077ac00000)
  to   space 16896K, 0% used [0x0000000785600000,0x0000000785600000,0x0000000786680000)
 ParOldGen       total 110080K, used 18268K [0x00000006c1000000, 0x00000006c7b80000, 0x000000076b000000)
  object space 110080K, 16% used [0x00000006c1000000,0x00000006c21d71a8,0x00000006c7b80000)
 Metaspace       used 43290K, capacity 45912K, committed 46160K, reserved 1089536K
  class space    used 5899K, capacity 6361K, committed 6480K, reserved 1048576K
}
Event: 4808.238 GC heap before
{Heap before GC invocations=10 (full 2):
 PSYoungGen      total 258048K, used 257943K [0x000000076b000000, 0x0000000786680000, 0x00000007c0000000)
  eden space 243200K, 100% used [0x000000076b000000,0x0000000779d80000,0x0000000779d80000)
  from space 14848K, 99% used [0x0000000779d80000,0x000000077abe5f88,0x000000077ac00000)
  to   space 16896K, 0% used [0x0000000785600000,0x0000000785600000,0x0000000786680000)
 ParOldGen       total 110080K, used 18268K [0x00000006c1000000, 0x00000006c7b80000, 0x000000076b000000)
  object space 110080K, 16% used [0x00000006c1000000,0x00000006c21d71a8,0x00000006c7b80000)
 Metaspace       used 43396K, capacity 46104K, committed 46416K, reserved 1089536K
  class space    used 5899K, capacity 6361K, committed 6480K, reserved 1048576K
Event: 4808.249 GC heap after
Heap after GC invocations=10 (full 2):
 PSYoungGen      total 412672K, used 12056K [0x000000076b000000, 0x0000000786200000, 0x00000007c0000000)
  eden space 400384K, 0% used [0x000000076b000000,0x000000076b000000,0x0000000783700000)
  from space 12288K, 98% used [0x0000000785600000,0x00000007861c6070,0x0000000786200000)
  to   space 16896K, 0% used [0x0000000784100000,0x0000000784100000,0x0000000785180000)
 ParOldGen       total 110080K, used 18276K [0x00000006c1000000, 0x00000006c7b80000, 0x000000076b000000)
  object space 110080K, 16% used [0x00000006c1000000,0x00000006c21d91a8,0x00000006c7b80000)
 Metaspace       used 43396K, capacity 46104K, committed 46416K, reserved 1089536K
  class space    used 5899K, capacity 6361K, committed 6480K, reserved 1048576K
}
Event: 11201.842 GC heap before
{Heap before GC invocations=11 (full 2):
 PSYoungGen      total 412672K, used 412440K [0x000000076b000000, 0x0000000786200000, 0x00000007c0000000)
  eden space 400384K, 100% used [0x000000076b000000,0x0000000783700000,0x0000000783700000)
  from space 12288K, 98% used [0x0000000785600000,0x00000007861c6070,0x0000000786200000)
  to   space 16896K, 0% used [0x0000000784100000,0x0000000784100000,0x0000000785180000)
 ParOldGen       total 110080K, used 18276K [0x00000006c1000000, 0x00000006c7b80000, 0x000000076b000000)
  object space 110080K, 16% used [0x00000006c1000000,0x00000006c21d91a8,0x00000006c7b80000)
 Metaspace       used 43628K, capacity 46296K, committed 46416K, reserved 1089536K
  class space    used 5900K, capacity 6361K, committed 6480K, reserved 1048576K
Event: 11201.857 GC heap after
Heap after GC invocations=11 (full 2):
 PSYoungGen      total 427520K, used 14616K [0x000000076b000000, 0x000000078e180000, 0x00000007c0000000)
  eden space 410624K, 0% used [0x000000076b000000,0x000000076b000000,0x0000000784100000)
  from space 16896K, 86% used [0x0000000784100000,0x0000000784f46070,0x0000000785180000)
  to   space 17920K, 0% used [0x000000078d000000,0x000000078d000000,0x000000078e180000)
 ParOldGen       total 110080K, used 18284K [0x00000006c1000000, 0x00000006c7b80000, 0x000000076b000000)
  object space 110080K, 16% used [0x00000006c1000000,0x00000006c21db1a8,0x00000006c7b80000)
 Metaspace       used 43628K, capacity 46296K, committed 46416K, reserved 1089536K
  class space    used 5900K, capacity 6361K, committed 6480K, reserved 1048576K
}
Event: 17775.467 GC heap before
{Heap before GC invocations=12 (full 2):
 PSYoungGen      total 427520K, used 425240K [0x000000076b000000, 0x000000078e180000, 0x00000007c0000000)
  eden space 410624K, 100% used [0x000000076b000000,0x0000000784100000,0x0000000784100000)
  from space 16896K, 86% used [0x0000000784100000,0x0000000784f46070,0x0000000785180000)
  to   space 17920K, 0% used [0x000000078d000000,0x000000078d000000,0x000000078e180000)
 ParOldGen       total 110080K, used 18284K [0x00000006c1000000, 0x00000006c7b80000, 0x000000076b000000)
  object space 110080K, 16% used [0x00000006c1000000,0x00000006c21db1a8,0x00000006c7b80000)
 Metaspace       used 43778K, capacity 46424K, committed 46672K, reserved 1089536K
  class space    used 5900K, capacity 6361K, committed 6480K, reserved 1048576K

